<?xml version="1.0" encoding="utf-8"?><testsuites name="pytest tests"><testsuite name="pytest" errors="0" failures="0" skipped="0" tests="14" time="23.898" timestamp="2026-06-13T23:34:43.844398+00:00" hostname="agent-env-7adbb86a-b72a-4ed4-8a38-5db36d0675b9"><testcase classname="tests.test_divya_progress_quiz.TestQuizEndpoint" name="test_quiz_divya_en" time="14.589" /><testcase classname="tests.test_divya_progress_quiz.TestQuizEndpoint" name="test_quiz_sher_hi_with_prev" time="4.480" /><testcase classname="tests.test_divya_progress_quiz.TestQuizEndpoint" name="test_quiz_empty_body_defaults" time="3.607" /><testcase classname="tests.test_divya_progress_quiz.TestProgressAuth" name="test_no_auth_session_start_401" time="0.218" /><testcase classname="tests.test_divya_progress_quiz.TestProgressSession" name="test_login_and_start" time="0.181" /><testcase classname="tests.test_divya_progress_quiz.TestProgressSession" name="test_log_messages_tracked" time="0.141" /><testcase classname="tests.test_divya_progress_quiz.TestProgressSession" name="test_log_message_bogus_session_silent" time="0.046" /><testcase classname="tests.test_divya_progress_quiz.TestProgressSession" name="test_end_session_unknown_404" time="0.049" /><testcase classname="tests.test_divya_progress_quiz.TestProgressSession" name="test_end_session_real" time="0.046" /><testcase classname="tests.test_divya_progress_quiz.TestQuizAttempt" name="test_save_quiz_attempt" time="0.055" /><testcase classname="tests.test_divya_progress_quiz.TestQuizAttempt" name="test_invalid_total_zero" time="0.045" /><testcase classname="tests.test_divya_progress_quiz.TestQuizAttempt" name="test_invalid_score_over" time="0.044" /><testcase classname="tests.test_divya_progress_quiz.TestStats" name="test_stats_shape_and_topic" time="0.049" /><testcase classname="tests.test_divya_progress_quiz.TestStats" name="test_topics_aggregation_no_duplicates" time="0.259" /></testsuite></testsuites>