<?xml version="1.0" encoding="utf-8"?><testsuites name="pytest tests"><testsuite name="pytest" errors="0" failures="0" skipped="0" tests="8" time="1.680" timestamp="2026-06-13T21:04:38.359111+00:00" hostname="agent-env-7adbb86a-b72a-4ed4-8a38-5db36d0675b9"><testcase classname="backend.tests.test_follow_block_share_v32" name="test_health" time="0.320" /><testcase classname="backend.tests.test_follow_block_share_v32" name="test_unfollow_self_returns_400" time="0.044" /><testcase classname="backend.tests.test_follow_block_share_v32" name="test_unfollow_stranger_returns_404" time="0.044" /><testcase classname="backend.tests.test_follow_block_share_v32" name="test_follow_then_status_then_unfollow" time="0.265" /><testcase classname="backend.tests.test_follow_block_share_v32" name="test_block_self_returns_400" time="0.083" /><testcase classname="backend.tests.test_follow_block_share_v32" name="test_block_missing_user_returns_404" time="0.088" /><testcase classname="backend.tests.test_follow_block_share_v32" name="test_block_with_cookie_auth_succeeds_and_blocks_profile_and_feeds" time="0.478" /><testcase classname="backend.tests.test_follow_block_share_v32" name="test_close_friend_cookie_auth" time="0.288" /></testsuite></testsuites>