<?xml version="1.0" encoding="utf-8"?><testsuites name="pytest tests"><testsuite name="pytest" errors="0" failures="0" skipped="0" tests="16" time="4.559" timestamp="2026-04-22T13:20:54.194648+00:00" hostname="agent-env-e9a05b0a-94d0-43f2-856e-83e2717531ae"><testcase classname="backend.tests.test_threaded_comments.TestThreadedComments" name="test_01_create_comment_requires_auth" time="0.386" /><testcase classname="backend.tests.test_threaded_comments.TestThreadedComments" name="test_02_create_comment_success" time="0.260" /><testcase classname="backend.tests.test_threaded_comments.TestThreadedComments" name="test_03_create_reply_to_comment" time="0.243" /><testcase classname="backend.tests.test_threaded_comments.TestThreadedComments" name="test_04_reply_increments_parent_replies_count" time="0.238" /><testcase classname="backend.tests.test_threaded_comments.TestThreadedComments" name="test_05_get_comments_returns_threaded_structure" time="0.228" /><testcase classname="backend.tests.test_threaded_comments.TestThreadedComments" name="test_06_get_comments_includes_is_liked_field" time="0.253" /><testcase classname="backend.tests.test_threaded_comments.TestThreadedComments" name="test_07_like_comment_requires_auth" time="0.224" /><testcase classname="backend.tests.test_threaded_comments.TestThreadedComments" name="test_08_like_comment_toggle" time="0.393" /><testcase classname="backend.tests.test_threaded_comments.TestThreadedComments" name="test_09_like_reply_comment" time="0.291" /><testcase classname="backend.tests.test_threaded_comments.TestThreadedComments" name="test_10_like_nonexistent_comment_returns_404" time="0.240" /><testcase classname="backend.tests.test_threaded_comments.TestThreadedComments" name="test_11_create_comment_on_nonexistent_post_returns_404" time="0.221" /><testcase classname="backend.tests.test_threaded_comments.TestThreadedComments" name="test_12_create_reply_to_nonexistent_parent_returns_404" time="0.227" /><testcase classname="backend.tests.test_threaded_comments.TestThreadedComments" name="test_13_comment_text_is_required" time="0.233" /><testcase classname="backend.tests.test_threaded_comments.TestThreadedComments" name="test_14_get_comments_without_auth_works" time="0.299" /><testcase classname="backend.tests.test_threaded_comments.TestThreadedComments" name="test_15_comments_sorted_by_created_at_desc" time="0.263" /><testcase classname="backend.tests.test_threaded_comments.TestCommentIntegration" name="test_post_comments_count_increments" time="0.459" /></testsuite></testsuites>