<?xml version="1.0" encoding="utf-8"?><testsuites name="pytest tests"><testsuite name="pytest" errors="0" failures="0" skipped="0" tests="16" time="1.515" timestamp="2026-02-02T18:56:08.230340+00:00" hostname="agent-env-ac215039-854e-4c3c-8329-39762198a3e9"><testcase classname="tests.test_auth_token_attribution.TestDemoLogin" name="test_demo1_login_returns_token" time="0.111" /><testcase classname="tests.test_auth_token_attribution.TestDemoLogin" name="test_demo2_login_returns_different_token" time="0.099" /><testcase classname="tests.test_auth_token_attribution.TestDemoLogin" name="test_invalid_credentials_rejected" time="0.043" /><testcase classname="tests.test_auth_token_attribution.TestDemoLogin" name="test_nonexistent_user_rejected" time="0.043" /><testcase classname="tests.test_auth_token_attribution.TestPostCreationWithCorrectUser" name="test_post_created_with_demo1_token_has_demo1_user_id" time="0.134" /><testcase classname="tests.test_auth_token_attribution.TestPostCreationWithCorrectUser" name="test_post_created_with_demo2_token_has_demo2_user_id" time="0.082" /><testcase classname="tests.test_auth_token_attribution.TestTokenValidation" name="test_post_without_token_rejected" time="0.080" /><testcase classname="tests.test_auth_token_attribution.TestTokenValidation" name="test_post_with_invalid_token_rejected" time="0.041" /><testcase classname="tests.test_auth_token_attribution.TestTokenValidation" name="test_post_with_undefined_token_rejected" time="0.039" /><testcase classname="tests.test_auth_token_attribution.TestTokenValidation" name="test_post_with_null_token_rejected" time="0.042" /><testcase classname="tests.test_auth_token_attribution.TestMultipleLoginLogoutCycles" name="test_sequential_logins_different_users" time="0.120" /><testcase classname="tests.test_auth_token_attribution.TestMultipleLoginLogoutCycles" name="test_old_token_still_works_after_new_login" time="0.130" /><testcase classname="tests.test_auth_token_attribution.TestMultipleLoginLogoutCycles" name="test_three_user_cycle" time="0.245" /><testcase classname="tests.test_auth_token_attribution.TestQuestionPostCreation" name="test_question_post_attributed_correctly" time="0.081" /><testcase classname="tests.test_auth_token_attribution.TestFeedEndpoints" name="test_for_you_feed_loads" time="0.053" /><testcase classname="tests.test_auth_token_attribution.TestFeedEndpoints" name="test_authenticated_feed_loads" time="0.093" /></testsuite></testsuites>