<?xml version="1.0" encoding="utf-8"?><testsuites name="pytest tests"><testsuite name="pytest" errors="0" failures="0" skipped="0" tests="13" time="3.227" timestamp="2026-04-10T18:48:50.928387+00:00" hostname="agent-env-3205660e-9e2d-4a80-8ae9-c33210ca1177"><testcase classname="backend.tests.test_profile_features.TestProfileEndpoints" name="test_demo_login_returns_user_info" time="0.260" /><testcase classname="backend.tests.test_profile_features.TestProfileEndpoints" name="test_get_profile_by_username" time="0.183" /><testcase classname="backend.tests.test_profile_features.TestProfileEndpoints" name="test_get_profile_stats" time="0.239" /><testcase classname="backend.tests.test_profile_features.TestProfileEndpoints" name="test_get_mutual_followers" time="0.249" /><testcase classname="backend.tests.test_profile_features.TestProfileEndpoints" name="test_close_friend_add" time="0.230" /><testcase classname="backend.tests.test_profile_features.TestProfileEndpoints" name="test_close_friend_remove" time="0.258" /><testcase classname="backend.tests.test_profile_features.TestProfileEndpoints" name="test_block_user" time="0.228" /><testcase classname="backend.tests.test_profile_features.TestProfileEndpoints" name="test_get_followers" time="0.250" /><testcase classname="backend.tests.test_profile_features.TestProfileEndpoints" name="test_get_following" time="0.274" /><testcase classname="backend.tests.test_profile_features.TestProfileEndpoints" name="test_get_user_posts" time="0.164" /><testcase classname="backend.tests.test_profile_features.TestProfileEndpoints" name="test_follow_status" time="0.209" /><testcase classname="backend.tests.test_profile_features.TestVictoryLaneEndpoints" name="test_get_social_posts" time="0.434" /><testcase classname="backend.tests.test_profile_features.TestVictoryLaneEndpoints" name="test_get_quiz_rooms" time="0.152" /></testsuite></testsuites>