<?xml version="1.0" encoding="utf-8"?><testsuites name="pytest tests"><testsuite name="pytest" errors="0" failures="0" skipped="0" tests="14" time="4.291" timestamp="2026-04-10T19:58:12.413437+00:00" hostname="agent-env-e9a05b0a-94d0-43f2-856e-83e2717531ae"><testcase classname="tests.test_messaging.TestMessagingAPI" name="test_create_conversation_returns_existing" time="0.503" /><testcase classname="tests.test_messaging.TestMessagingAPI" name="test_create_conversation_cannot_message_self" time="0.263" /><testcase classname="tests.test_messaging.TestMessagingAPI" name="test_create_conversation_invalid_user" time="0.263" /><testcase classname="tests.test_messaging.TestMessagingAPI" name="test_list_conversations" time="0.242" /><testcase classname="tests.test_messaging.TestMessagingAPI" name="test_list_conversations_unauthorized" time="0.251" /><testcase classname="tests.test_messaging.TestMessagingAPI" name="test_send_message" time="0.324" /><testcase classname="tests.test_messaging.TestMessagingAPI" name="test_send_empty_message_fails" time="0.307" /><testcase classname="tests.test_messaging.TestMessagingAPI" name="test_get_messages" time="0.320" /><testcase classname="tests.test_messaging.TestMessagingAPI" name="test_get_messages_access_denied" time="0.201" /><testcase classname="tests.test_messaging.TestMessagingAPI" name="test_mark_messages_read" time="0.330" /><testcase classname="tests.test_messaging.TestMessagingAPI" name="test_get_unread_count" time="0.212" /><testcase classname="tests.test_messaging.TestMessagingAPI" name="test_unread_count_unauthorized" time="0.208" /><testcase classname="tests.test_messaging.TestMessagingAPI" name="test_full_messaging_flow" time="0.464" /><testcase classname="tests.test_messaging.TestMessagingAPI" name="test_conversation_updates_after_message" time="0.320" /></testsuite></testsuites>