<?xml version="1.0" encoding="utf-8"?><testsuites name="pytest tests"><testsuite name="pytest" errors="0" failures="0" skipped="0" tests="8" time="29.687" timestamp="2026-02-06T16:58:46.399880+00:00" hostname="agent-env-4f6e026c-fa65-4057-b3fa-3a781a06678d"><testcase classname="tests.test_battle_video_chat.TestBattleMatchmaking" name="test_backend_url_configured" time="0.000" /><testcase classname="tests.test_battle_video_chat.TestBattleMatchmaking" name="test_socket_connection" time="1.069" /><testcase classname="tests.test_battle_video_chat.TestBattleMatchmaking" name="test_find_match_event" time="3.552" /><testcase classname="tests.test_battle_video_chat.TestMatchmakingFlow" name="test_two_players_matchmaking" time="4.572" /><testcase classname="tests.test_battle_video_chat.TestWebRTCSignaling" name="test_webrtc_offer_forwarding" time="5.584" /><testcase classname="tests.test_battle_video_chat.TestWebRTCSignaling" name="test_webrtc_answer_forwarding" time="5.076" /><testcase classname="tests.test_battle_video_chat.TestWebRTCSignaling" name="test_webrtc_ice_candidate_forwarding" time="5.086" /><testcase classname="tests.test_battle_video_chat.TestBattleChat" name="test_battle_chat_message" time="4.573" /></testsuite></testsuites>