<?xml version="1.0" encoding="utf-8"?><testsuites name="pytest tests"><testsuite name="pytest" errors="0" failures="0" skipped="0" tests="14" time="9.126" timestamp="2026-04-10T20:57:57.180858+00:00" hostname="agent-env-e9a05b0a-94d0-43f2-856e-83e2717531ae"><testcase classname="backend.tests.test_profile_photo_upload.TestProfileUploadEndpoint" name="test_avatar_upload_returns_cloudinary_url" time="1.038" /><testcase classname="backend.tests.test_profile_photo_upload.TestProfileUploadEndpoint" name="test_cover_upload_returns_cloudinary_url" time="0.862" /><testcase classname="backend.tests.test_profile_photo_upload.TestProfileUploadEndpoint" name="test_upload_rejects_non_image_files" time="0.232" /><testcase classname="backend.tests.test_profile_photo_upload.TestProfileUploadEndpoint" name="test_upload_rejects_pdf_files" time="0.228" /><testcase classname="backend.tests.test_profile_photo_upload.TestProfileUploadEndpoint" name="test_upload_type_avatar_uses_avatars_folder" time="0.705" /><testcase classname="backend.tests.test_profile_photo_upload.TestProfileUploadEndpoint" name="test_upload_type_cover_uses_covers_folder" time="0.970" /><testcase classname="backend.tests.test_profile_photo_upload.TestProfileUpdateWithPhotos" name="test_update_profile_picture_field" time="0.246" /><testcase classname="backend.tests.test_profile_photo_upload.TestProfileUpdateWithPhotos" name="test_update_cover_photo_field" time="0.252" /><testcase classname="backend.tests.test_profile_photo_upload.TestProfileUpdateWithPhotos" name="test_update_both_photos_at_once" time="0.258" /><testcase classname="backend.tests.test_profile_photo_upload.TestProfileUpdateWithPhotos" name="test_profile_get_returns_photo_fields" time="0.249" /><testcase classname="backend.tests.test_profile_photo_upload.TestUploadEndpointValidation" name="test_upload_requires_file" time="0.269" /><testcase classname="backend.tests.test_profile_photo_upload.TestUploadEndpointValidation" name="test_upload_type_defaults_to_avatar" time="0.864" /><testcase classname="backend.tests.test_profile_photo_upload.TestCloudinaryTransformations" name="test_avatar_upload_applies_transformations" time="2.007" /><testcase classname="backend.tests.test_profile_photo_upload.TestCloudinaryTransformations" name="test_cover_upload_applies_transformations" time="0.868" /></testsuite></testsuites>