<?xml version="1.0" encoding="utf-8"?><testsuites name="pytest tests"><testsuite name="pytest" errors="0" failures="0" skipped="0" tests="12" time="1.423" timestamp="2026-03-22T13:14:36.634271+00:00" hostname="agent-env-d97cbed5-b817-4ddb-806f-1103fb90d112"><testcase classname="backend.tests.test_admin_battles.TestAdminAuth" name="test_admin_login_success" time="0.211" /><testcase classname="backend.tests.test_admin_battles.TestAdminAuth" name="test_admin_login_invalid_credentials" time="0.101" /><testcase classname="backend.tests.test_admin_battles.TestAdminBattlesLive" name="test_get_live_battles_success" time="0.106" /><testcase classname="backend.tests.test_admin_battles.TestAdminBattlesLive" name="test_get_live_battles_no_auth" time="0.101" /><testcase classname="backend.tests.test_admin_battles.TestAdminBattlesHistory" name="test_get_battle_history_success" time="0.099" /><testcase classname="backend.tests.test_admin_battles.TestAdminBattlesReports" name="test_get_reports_success" time="0.097" /><testcase classname="backend.tests.test_admin_battles.TestAdminBattlesReports" name="test_create_report_success" time="0.092" /><testcase classname="backend.tests.test_admin_battles.TestAdminBattlesReports" name="test_verify_report_appears_in_list" time="0.115" /><testcase classname="backend.tests.test_admin_battles.TestAdminBattlesReports" name="test_review_report_success" time="0.114" /><testcase classname="backend.tests.test_admin_battles.TestAdminBattlesStats" name="test_get_stats_success" time="0.107" /><testcase classname="backend.tests.test_admin_battles.TestRouteConflictFix" name="test_reports_endpoint_not_caught_by_battle_id" time="0.100" /><testcase classname="backend.tests.test_admin_battles.TestRouteConflictFix" name="test_detail_endpoint_works" time="0.098" /></testsuite></testsuites>