<?xml version="1.0" encoding="utf-8"?><testsuites name="pytest tests"><testsuite name="pytest" errors="0" failures="0" skipped="0" tests="10" time="2.024" timestamp="2026-02-06T10:28:25.305163+00:00" hostname="agent-env-050977b1-1bb4-4b0d-9520-51f2a5b41e6e"><testcase classname="backend.tests.test_media_permissions.TestGlobalMediaSettings" name="test_get_media_allowed_returns_defaults" time="0.063" /><testcase classname="backend.tests.test_media_permissions.TestGlobalMediaSettings" name="test_post_admin_settings_saves_correctly" time="0.075" /><testcase classname="backend.tests.test_media_permissions.TestGlobalMediaSettings" name="test_disable_global_settings" time="0.086" /><testcase classname="backend.tests.test_media_permissions.TestUserMediaPermissions" name="test_media_permissions_returns_disabled_globally_when_off" time="0.076" /><testcase classname="backend.tests.test_media_permissions.TestUserMediaPermissions" name="test_media_permissions_with_global_enabled_and_user_enabled" time="0.463" /><testcase classname="backend.tests.test_media_permissions.TestUserMediaPermissions" name="test_media_permissions_with_global_enabled_but_user_disabled" time="0.409" /><testcase classname="backend.tests.test_media_permissions.TestMediaUploadBlocking" name="test_media_upload_returns_403_when_global_disabled" time="0.338" /><testcase classname="backend.tests.test_media_permissions.TestMediaUploadBlocking" name="test_media_upload_succeeds_when_enabled" time="0.344" /><testcase classname="backend.tests.test_media_permissions.TestAdminGetSettings" name="test_get_admin_settings" time="0.037" /><testcase classname="backend.tests.test_media_permissions.TestCleanup" name="test_z_reset_to_disabled" time="0.074" /></testsuite></testsuites>