<?xml version="1.0" encoding="utf-8"?><testsuites name="pytest tests"><testsuite name="pytest" errors="0" failures="0" skipped="0" tests="10" time="1.764" timestamp="2026-03-02T15:45:46.593038+00:00" hostname="agent-env-79315c9c-ef90-48ea-bec0-7c40a8b2d8e7"><testcase classname="tests.test_admin_auth.TestAdminLoginEndpoint" name="test_login_with_correct_email_and_password" time="0.205" /><testcase classname="tests.test_admin_auth.TestAdminLoginEndpoint" name="test_login_with_username_and_password" time="0.159" /><testcase classname="tests.test_admin_auth.TestAdminLoginEndpoint" name="test_login_with_wrong_password_returns_401" time="0.156" /><testcase classname="tests.test_admin_auth.TestAdminLoginEndpoint" name="test_login_with_non_admin_user_returns_401" time="0.109" /><testcase classname="tests.test_admin_auth.TestAdminLoginEndpoint" name="test_login_with_empty_credentials" time="0.112" /><testcase classname="tests.test_admin_auth.TestAdminVerifyEndpoint" name="test_verify_with_valid_token" time="0.252" /><testcase classname="tests.test_admin_auth.TestAdminVerifyEndpoint" name="test_verify_with_invalid_token" time="0.117" /><testcase classname="tests.test_admin_auth.TestAdminVerifyEndpoint" name="test_verify_without_token" time="0.118" /><testcase classname="tests.test_admin_auth.TestAdminLogoutEndpoint" name="test_logout_with_valid_token" time="0.357" /><testcase classname="tests.test_admin_auth.TestAdminLogoutEndpoint" name="test_logout_without_token" time="0.110" /></testsuite></testsuites>