<?xml version="1.0" encoding="utf-8"?><testsuites name="pytest tests"><testsuite name="pytest" errors="0" failures="0" skipped="0" tests="10" time="15.231" timestamp="2026-02-09T17:28:43.843564+00:00" hostname="agent-env-2406de2c-fab9-4a53-afbd-af0fdfe37cc6"><testcase classname="backend.tests.test_divya_routes.TestDivyaAudioRangeRequests" name="test_audio_with_range_header_returns_206" time="0.103" /><testcase classname="backend.tests.test_divya_routes.TestDivyaAudioRangeRequests" name="test_audio_without_range_header_returns_200" time="0.042" /><testcase classname="backend.tests.test_divya_routes.TestDivyaAudioRangeRequests" name="test_audio_partial_range_returns_correct_bytes" time="0.043" /><testcase classname="backend.tests.test_divya_routes.TestDivyaAudioRangeRequests" name="test_audio_nonexistent_file_returns_404" time="0.041" /><testcase classname="backend.tests.test_divya_routes.TestDivyaAskEndpoint" name="test_ask_endpoint_returns_success" time="2.367" /><testcase classname="backend.tests.test_divya_routes.TestDivyaAskEndpoint" name="test_ask_endpoint_with_context" time="1.676" /><testcase classname="backend.tests.test_divya_routes.TestDivyaAskEndpoint" name="test_ask_endpoint_empty_question_handled" time="0.746" /><testcase classname="backend.tests.test_divya_routes.TestDivyaMindMapEndpoint" name="test_mind_map_endpoint_returns_success" time="5.051" /><testcase classname="backend.tests.test_divya_routes.TestDivyaMindMapEndpoint" name="test_mind_map_endpoint_empty_content_returns_error" time="5.025" /><testcase classname="backend.tests.test_divya_routes.TestDivyaMindMapEndpoint" name="test_mind_map_endpoint_whitespace_content_returns_error" time="0.064" /></testsuite></testsuites>