<?xml version="1.0" encoding="utf-8"?><testsuites name="pytest tests"><testsuite name="pytest" errors="0" failures="1" skipped="0" tests="24" time="6.538" timestamp="2026-04-12T06:33:20.041881+00:00" hostname="agent-env-e9a05b0a-94d0-43f2-856e-83e2717531ae"><testcase classname="tests.test_recruitment.TestRecruiterAuth" name="test_recruiter_login_success" time="0.461" /><testcase classname="tests.test_recruitment.TestRecruiterAuth" name="test_recruiter_login_invalid_credentials" time="0.107" /><testcase classname="tests.test_recruitment.TestRecruiterAuth" name="test_recruiter_login_wrong_password" time="0.416" /><testcase classname="tests.test_recruitment.TestRecruiterAuth" name="test_recruiter_me_with_token" time="0.443" /><testcase classname="tests.test_recruitment.TestRecruiterAuth" name="test_recruiter_me_without_token" time="0.158" /><testcase classname="tests.test_recruitment.TestAdminAuth" name="test_admin_login_success" time="0.327" /><testcase classname="tests.test_recruitment.TestAdminAuth" name="test_admin_login_invalid_credentials" time="0.095" /><testcase classname="tests.test_recruitment.TestAdminAuth" name="test_admin_me_with_token" time="0.450" /><testcase classname="tests.test_recruitment.TestCompanies" name="test_list_companies" time="0.149" /><testcase classname="tests.test_recruitment.TestCompanies" name="test_list_companies_with_search" time="0.097"><failure message="assert 0 &gt;= 1&#10; +  where 0 = len([])">tests/test_recruitment.py:146: in test_list_companies_with_search
    assert len(data["companies"]) &gt;= 1
E   assert 0 &gt;= 1
E    +  where 0 = len([])</failure></testcase><testcase classname="tests.test_recruitment.TestCompanies" name="test_list_companies_with_industry_filter" time="0.135" /><testcase classname="tests.test_recruitment.TestCompanies" name="test_get_company_by_slug" time="0.106" /><testcase classname="tests.test_recruitment.TestCompanies" name="test_get_company_not_found" time="0.105" /><testcase classname="tests.test_recruitment.TestFeed" name="test_get_feed" time="0.113" /><testcase classname="tests.test_recruitment.TestFeed" name="test_get_feed_post_types" time="0.120" /><testcase classname="tests.test_recruitment.TestFeed" name="test_get_post_by_id" time="0.208" /><testcase classname="tests.test_recruitment.TestFeed" name="test_get_company_posts" time="0.127" /><testcase classname="tests.test_recruitment.TestRecruiterDashboard" name="test_get_my_posts" time="0.443" /><testcase classname="tests.test_recruitment.TestRecruiterDashboard" name="test_get_analytics" time="0.433" /><testcase classname="tests.test_recruitment.TestAdminDashboard" name="test_list_recruiters" time="0.457" /><testcase classname="tests.test_recruitment.TestAdminDashboard" name="test_get_pending_posts" time="0.595" /><testcase classname="tests.test_recruitment.TestAdminDashboard" name="test_get_global_analytics" time="0.438" /><testcase classname="tests.test_recruitment.TestStudentApplications" name="test_get_my_applications" time="0.212" /><testcase classname="tests.test_recruitment.TestStudentApplications" name="test_get_student_profile" time="0.224" /></testsuite></testsuites>