<?xml version="1.0" encoding="utf-8"?><testsuites name="pytest tests"><testsuite name="pytest" errors="0" failures="0" skipped="0" tests="19" time="3.812" timestamp="2026-03-22T13:45:38.940767+00:00" hostname="agent-env-d97cbed5-b817-4ddb-806f-1103fb90d112"><testcase classname="tests.test_programs.TestPublicProgramsAPI" name="test_get_all_programs_success" time="0.180" /><testcase classname="tests.test_programs.TestPublicProgramsAPI" name="test_get_programs_filter_by_domain_research" time="0.164" /><testcase classname="tests.test_programs.TestPublicProgramsAPI" name="test_get_programs_filter_by_domain_ai_tech" time="0.151" /><testcase classname="tests.test_programs.TestPublicProgramsAPI" name="test_get_programs_filter_by_domain_competition" time="0.105" /><testcase classname="tests.test_programs.TestPublicProgramsAPI" name="test_get_program_by_slug" time="0.225" /><testcase classname="tests.test_programs.TestPublicProgramsAPI" name="test_get_program_by_slug_research_mentorship" time="0.130" /><testcase classname="tests.test_programs.TestPublicProgramsAPI" name="test_get_program_not_found" time="0.112" /><testcase classname="tests.test_programs.TestEnquiryAPI" name="test_submit_enquiry_success" time="0.271" /><testcase classname="tests.test_programs.TestEnquiryAPI" name="test_submit_enquiry_missing_required_fields" time="0.136" /><testcase classname="tests.test_programs.TestEnquiryAPI" name="test_submit_enquiry_invalid_email" time="0.118" /><testcase classname="tests.test_programs.TestAdminProgramsAPI" name="test_admin_create_program" time="0.314" /><testcase classname="tests.test_programs.TestAdminProgramsAPI" name="test_admin_update_program" time="0.455" /><testcase classname="tests.test_programs.TestAdminProgramsAPI" name="test_admin_delete_program" time="0.404" /><testcase classname="tests.test_programs.TestAdminProgramsAPI" name="test_admin_create_program_no_auth" time="0.221" /><testcase classname="tests.test_programs.TestAdminProgramsAPI" name="test_admin_get_enquiries" time="0.202" /><testcase classname="tests.test_programs.TestAdminProgramsAPI" name="test_admin_get_enquiries_no_auth" time="0.225" /><testcase classname="tests.test_programs.TestProgramDataIntegrity" name="test_program_has_required_fields" time="0.116" /><testcase classname="tests.test_programs.TestProgramDataIntegrity" name="test_program_domains_are_valid" time="0.101" /><testcase classname="tests.test_programs.TestProgramDataIntegrity" name="test_seeded_programs_exist" time="0.090" /></testsuite></testsuites>