<?xml version="1.0" encoding="utf-8"?><testsuites name="pytest tests"><testsuite name="pytest" errors="0" failures="0" skipped="0" tests="11" time="2.263" timestamp="2026-07-22T08:26:44.751045+00:00" hostname="agent-env-7adbb86a-b72a-4ed4-8a38-5db36d0675b9"><testcase classname="backend.tests.test_resume_and_cbse_v34.TestResumeMe" name="test_get_resume_me_unauth_401" time="0.262" /><testcase classname="backend.tests.test_resume_and_cbse_v34.TestResumeMe" name="test_get_resume_me_authed_returns_structure" time="0.188" /><testcase classname="backend.tests.test_resume_and_cbse_v34.TestResumeMe" name="test_put_and_get_resume_persistence" time="0.095" /><testcase classname="backend.tests.test_resume_and_cbse_v34.TestResumeRecruiterAccess" name="test_recruiter_forbidden_for_non_applicant" time="0.455" /><testcase classname="backend.tests.test_resume_and_cbse_v34.TestResumeRecruiterAccess" name="test_recruiter_gets_resume_after_application" time="0.052" /><testcase classname="backend.tests.test_resume_and_cbse_v34.TestCBSEPart1ChaptersRegex" name="test_chapters_matches_class_variant" time="0.140" /><testcase classname="backend.tests.test_resume_and_cbse_v34.TestCBSEPart2ImportDefault" name="test_import_default_success" time="0.423" /><testcase classname="backend.tests.test_resume_and_cbse_v34.TestCBSEPart3CopyFromBoard" name="test_available_sources" time="0.136" /><testcase classname="backend.tests.test_resume_and_cbse_v34.TestCBSEPart3CopyFromBoard" name="test_preview_source_cbse" time="0.104" /><testcase classname="backend.tests.test_resume_and_cbse_v34.TestCBSEPart3CopyFromBoard" name="test_copy_from_board_and_verify" time="0.218" /><testcase classname="backend.tests.test_resume_and_cbse_v34.TestProgramsRegression" name="test_programs_list" time="0.105" /></testsuite></testsuites>