<?xml version="1.0" encoding="utf-8"?><testsuites name="pytest tests"><testsuite name="pytest" errors="0" failures="0" skipped="0" tests="14" time="4.377" timestamp="2026-04-10T19:41:53.482532+00:00" hostname="agent-env-e9a05b0a-94d0-43f2-856e-83e2717531ae"><testcase classname="backend.tests.test_p0_sprint_features.TestDemoLogin" name="test_demo_login_returns_access_token" time="0.183" /><testcase classname="backend.tests.test_p0_sprint_features.TestCloseFriendIDs" name="test_get_close_friend_ids_endpoint_exists" time="0.239" /><testcase classname="backend.tests.test_p0_sprint_features.TestCloseFriendIDs" name="test_add_close_friend" time="0.442" /><testcase classname="backend.tests.test_p0_sprint_features.TestBookmarkAPI" name="test_bookmark_post" time="0.357" /><testcase classname="backend.tests.test_p0_sprint_features.TestBookmarkAPI" name="test_get_bookmarks_returns_bookmarked_posts" time="0.471" /><testcase classname="backend.tests.test_p0_sprint_features.TestBookmarkAPI" name="test_unbookmark_post" time="0.500" /><testcase classname="backend.tests.test_p0_sprint_features.TestFollowButton" name="test_follow_user" time="0.378" /><testcase classname="backend.tests.test_p0_sprint_features.TestFollowButton" name="test_unfollow_user" time="0.462" /><testcase classname="backend.tests.test_p0_sprint_features.TestVictoryLaneFeed" name="test_feed_returns_posts_with_is_retweet_field" time="0.242" /><testcase classname="backend.tests.test_p0_sprint_features.TestVictoryLaneFeed" name="test_feed_posts_have_hashtags_for_exam_tags" time="0.244" /><testcase classname="backend.tests.test_p0_sprint_features.TestVictoryLaneFeed" name="test_feed_posts_have_quiz_details_for_trending_badge" time="0.243" /><testcase classname="backend.tests.test_p0_sprint_features.TestProfileSavedTab" name="test_bookmarks_endpoint_returns_posts_array" time="0.249" /><testcase classname="backend.tests.test_p0_sprint_features.TestProfileEndpoints" name="test_get_profile_by_username" time="0.110" /><testcase classname="backend.tests.test_p0_sprint_features.TestProfileEndpoints" name="test_get_profile_posts" time="0.195" /></testsuite></testsuites>