<?xml version="1.0" encoding="utf-8"?><testsuites name="pytest tests"><testsuite name="pytest" errors="0" failures="0" skipped="0" tests="13" time="44.660" timestamp="2026-03-14T15:27:48.473581+00:00" hostname="agent-env-25bcf66b-f309-42c0-8c99-f3e2092c969a"><testcase classname="backend.tests.test_divya_live_routes.TestDivyaLiveAsk" name="test_ask_divya_simple_question" time="3.420" /><testcase classname="backend.tests.test_divya_live_routes.TestDivyaLiveAsk" name="test_ask_sher_simple_question" time="4.621" /><testcase classname="backend.tests.test_divya_live_routes.TestDivyaLiveAsk" name="test_ask_with_context" time="10.457" /><testcase classname="backend.tests.test_divya_live_routes.TestDivyaLiveAsk" name="test_ask_with_chat_history" time="2.971" /><testcase classname="backend.tests.test_divya_live_routes.TestDivyaLiveAsk" name="test_ask_hindi_language" time="4.199" /><testcase classname="backend.tests.test_divya_live_routes.TestDivyaLiveAsk" name="test_ask_invalid_tutor_defaults_to_divya" time="6.107" /><testcase classname="backend.tests.test_divya_live_routes.TestDivyaLiveUploadContext" name="test_upload_simple_pdf" time="1.507" /><testcase classname="backend.tests.test_divya_live_routes.TestDivyaLiveUploadContext" name="test_upload_without_file_returns_error" time="0.117" /><testcase classname="backend.tests.test_divya_live_routes.TestDivyaLiveTranscribe" name="test_transcribe_invalid_audio_returns_error" time="0.152" /><testcase classname="backend.tests.test_divya_live_routes.TestDivyaLiveTranscribe" name="test_transcribe_large_file_rejected" time="0.115" /><testcase classname="backend.tests.test_divya_live_routes.TestDivyaLiveEndpointAvailability" name="test_ask_endpoint_reachable" time="5.582" /><testcase classname="backend.tests.test_divya_live_routes.TestDivyaLiveEndpointAvailability" name="test_upload_context_endpoint_reachable" time="5.204" /><testcase classname="backend.tests.test_divya_live_routes.TestDivyaLiveEndpointAvailability" name="test_transcribe_endpoint_reachable" time="0.150" /></testsuite></testsuites>