<?xml version="1.0" encoding="utf-8"?><testsuites name="pytest tests"><testsuite name="pytest" errors="0" failures="7" skipped="0" tests="8" time="0.177" timestamp="2026-02-06T16:58:16.428043+00:00" hostname="agent-env-4f6e026c-fa65-4057-b3fa-3a781a06678d"><testcase classname="tests.test_battle_video_chat.TestBattleMatchmaking" name="test_backend_url_configured" time="0.000" /><testcase classname="tests.test_battle_video_chat.TestBattleMatchmaking" name="test_socket_connection" time="0.000"><failure message="Failed: async def functions are not natively supported.&#10;You need to install a suitable plugin for your async framework, for example:&#10;  - anyio&#10;  - pytest-asyncio&#10;  - pytest-tornasync&#10;  - pytest-trio&#10;  - pytest-twisted">async def functions are not natively supported.
You need to install a suitable plugin for your async framework, for example:
  - anyio
  - pytest-asyncio
  - pytest-tornasync
  - pytest-trio
  - pytest-twisted</failure></testcase><testcase classname="tests.test_battle_video_chat.TestBattleMatchmaking" name="test_find_match_event" time="0.000"><failure message="Failed: async def functions are not natively supported.&#10;You need to install a suitable plugin for your async framework, for example:&#10;  - anyio&#10;  - pytest-asyncio&#10;  - pytest-tornasync&#10;  - pytest-trio&#10;  - pytest-twisted">async def functions are not natively supported.
You need to install a suitable plugin for your async framework, for example:
  - anyio
  - pytest-asyncio
  - pytest-tornasync
  - pytest-trio
  - pytest-twisted</failure></testcase><testcase classname="tests.test_battle_video_chat.TestMatchmakingFlow" name="test_two_players_matchmaking" time="0.000"><failure message="Failed: async def functions are not natively supported.&#10;You need to install a suitable plugin for your async framework, for example:&#10;  - anyio&#10;  - pytest-asyncio&#10;  - pytest-tornasync&#10;  - pytest-trio&#10;  - pytest-twisted">async def functions are not natively supported.
You need to install a suitable plugin for your async framework, for example:
  - anyio
  - pytest-asyncio
  - pytest-tornasync
  - pytest-trio
  - pytest-twisted</failure></testcase><testcase classname="tests.test_battle_video_chat.TestWebRTCSignaling" name="test_webrtc_offer_forwarding" time="0.000"><failure message="Failed: async def functions are not natively supported.&#10;You need to install a suitable plugin for your async framework, for example:&#10;  - anyio&#10;  - pytest-asyncio&#10;  - pytest-tornasync&#10;  - pytest-trio&#10;  - pytest-twisted">async def functions are not natively supported.
You need to install a suitable plugin for your async framework, for example:
  - anyio
  - pytest-asyncio
  - pytest-tornasync
  - pytest-trio
  - pytest-twisted</failure></testcase><testcase classname="tests.test_battle_video_chat.TestWebRTCSignaling" name="test_webrtc_answer_forwarding" time="0.000"><failure message="Failed: async def functions are not natively supported.&#10;You need to install a suitable plugin for your async framework, for example:&#10;  - anyio&#10;  - pytest-asyncio&#10;  - pytest-tornasync&#10;  - pytest-trio&#10;  - pytest-twisted">async def functions are not natively supported.
You need to install a suitable plugin for your async framework, for example:
  - anyio
  - pytest-asyncio
  - pytest-tornasync
  - pytest-trio
  - pytest-twisted</failure></testcase><testcase classname="tests.test_battle_video_chat.TestWebRTCSignaling" name="test_webrtc_ice_candidate_forwarding" time="0.000"><failure message="Failed: async def functions are not natively supported.&#10;You need to install a suitable plugin for your async framework, for example:&#10;  - anyio&#10;  - pytest-asyncio&#10;  - pytest-tornasync&#10;  - pytest-trio&#10;  - pytest-twisted">async def functions are not natively supported.
You need to install a suitable plugin for your async framework, for example:
  - anyio
  - pytest-asyncio
  - pytest-tornasync
  - pytest-trio
  - pytest-twisted</failure></testcase><testcase classname="tests.test_battle_video_chat.TestBattleChat" name="test_battle_chat_message" time="0.000"><failure message="Failed: async def functions are not natively supported.&#10;You need to install a suitable plugin for your async framework, for example:&#10;  - anyio&#10;  - pytest-asyncio&#10;  - pytest-tornasync&#10;  - pytest-trio&#10;  - pytest-twisted">async def functions are not natively supported.
You need to install a suitable plugin for your async framework, for example:
  - anyio
  - pytest-asyncio
  - pytest-tornasync
  - pytest-trio
  - pytest-twisted</failure></testcase></testsuite></testsuites>