<?xml version="1.0" encoding="utf-8"?><testsuites name="pytest tests"><testsuite name="pytest" errors="0" failures="0" skipped="0" tests="12" time="4.149" timestamp="2026-02-06T08:57:54.010693+00:00" hostname="agent-env-050977b1-1bb4-4b0d-9520-51f2a5b41e6e"><testcase classname="tests.test_post_interactions.TestAuth" name="test_login_test_user" time="0.306" /><testcase classname="tests.test_post_interactions.TestLikeEndpoints" name="test_like_post_endpoint_exists" time="0.309" /><testcase classname="tests.test_post_interactions.TestLikeEndpoints" name="test_unlike_post_endpoint_exists" time="0.344" /><testcase classname="tests.test_post_interactions.TestLikeEndpoints" name="test_like_toggle_sequence" time="0.429" /><testcase classname="tests.test_post_interactions.TestCommentEndpoints" name="test_comment_endpoint_singular" time="0.302" /><testcase classname="tests.test_post_interactions.TestCommentEndpoints" name="test_comments_endpoint_plural_should_404" time="0.342" /><testcase classname="tests.test_post_interactions.TestCommentEndpoints" name="test_get_comments" time="0.305" /><testcase classname="tests.test_post_interactions.TestPostViewWithLikeStatus" name="test_get_post_with_like_status" time="0.301" /><testcase classname="tests.test_post_interactions.TestPostViewWithLikeStatus" name="test_like_persists_after_refresh" time="0.337" /><testcase classname="tests.test_post_interactions.TestPostViewWithLikeStatus" name="test_unlike_persists_after_refresh" time="0.336" /><testcase classname="tests.test_post_interactions.TestForYouFeedWithLikeStatus" name="test_feed_returns_liked_status" time="0.308" /><testcase classname="tests.test_post_interactions.TestEndToEndLikeFlow" name="test_full_like_unlike_cycle" time="0.457" /></testsuite></testsuites>