<?xml version="1.0" encoding="utf-8"?><testsuites name="pytest tests"><testsuite name="pytest" errors="0" failures="0" skipped="0" tests="12" time="2.928" timestamp="2026-03-02T12:18:01.427043+00:00" hostname="agent-env-a6309789-8579-480f-88ba-fc4438bc1cad"><testcase classname="backend.tests.test_media_upload_routes.TestCloudinarySignature" name="test_image_signature_generation" time="0.221" /><testcase classname="backend.tests.test_media_upload_routes.TestCloudinarySignature" name="test_video_signature_generation" time="0.117" /><testcase classname="backend.tests.test_media_upload_routes.TestCloudinarySignature" name="test_signature_with_different_folders" time="0.479" /><testcase classname="backend.tests.test_media_upload_routes.TestCloudinarySignature" name="test_signature_invalid_folder_rejected" time="0.103" /><testcase classname="backend.tests.test_media_upload_routes.TestCloudinarySignature" name="test_signature_use_cases" time="0.357" /><testcase classname="backend.tests.test_media_upload_routes.TestCloudinaryConfig" name="test_get_cloudinary_config" time="0.136" /><testcase classname="backend.tests.test_media_upload_routes.TestCloudinaryTransformURL" name="test_transform_url_generation" time="0.107" /><testcase classname="backend.tests.test_media_upload_routes.TestCloudinaryTransformURL" name="test_transform_url_video" time="0.106" /><testcase classname="backend.tests.test_media_upload_routes.TestCloudinaryDelete" name="test_delete_media_invalid_public_id" time="0.658" /><testcase classname="backend.tests.test_media_upload_routes.TestLegacyUploadEndpoint" name="test_legacy_view_nonexistent" time="0.103" /><testcase classname="backend.tests.test_media_upload_routes.TestSignatureMatchFix" name="test_video_signature_does_not_include_resource_type_in_signed_data" time="0.248" /><testcase classname="backend.tests.test_media_upload_routes.TestSignatureMatchFix" name="test_image_and_video_have_different_signatures" time="0.203" /></testsuite></testsuites>