<?xml version="1.0" encoding="utf-8"?><testsuites name="pytest tests"><testsuite name="pytest" errors="0" failures="0" skipped="0" tests="14" time="1.815" timestamp="2026-02-06T09:30:39.951913+00:00" hostname="agent-env-050977b1-1bb4-4b0d-9520-51f2a5b41e6e"><testcase classname="backend.tests.test_referral_system.TestReferralMyCode" name="test_get_my_code_authenticated" time="0.374" /><testcase classname="backend.tests.test_referral_system.TestReferralMyCode" name="test_get_my_code_unauthenticated" time="0.042" /><testcase classname="backend.tests.test_referral_system.TestReferralMyCode" name="test_my_code_returns_consistent_code" time="0.125" /><testcase classname="backend.tests.test_referral_system.TestReferralLeaderboard" name="test_get_leaderboard_public" time="0.046" /><testcase classname="backend.tests.test_referral_system.TestReferralLeaderboard" name="test_leaderboard_sorted_by_coins" time="0.038" /><testcase classname="backend.tests.test_referral_system.TestReferralLeaderboard" name="test_leaderboard_entry_structure" time="0.039" /><testcase classname="backend.tests.test_referral_system.TestReferralValidation" name="test_validate_valid_code" time="0.041" /><testcase classname="backend.tests.test_referral_system.TestReferralValidation" name="test_validate_invalid_code" time="0.043" /><testcase classname="backend.tests.test_referral_system.TestReferralValidation" name="test_validate_code_case_insensitive" time="0.040" /><testcase classname="backend.tests.test_referral_system.TestSignupWithReferral" name="test_signup_with_valid_referral_code" time="0.348" /><testcase classname="backend.tests.test_referral_system.TestSignupWithReferral" name="test_signup_without_referral_code" time="0.264" /><testcase classname="backend.tests.test_referral_system.TestSignupWithReferral" name="test_duplicate_referral_prevention" time="0.038" /><testcase classname="backend.tests.test_referral_system.TestSignupWithReferral" name="test_invalid_referral_code_on_signup" time="0.260" /><testcase classname="backend.tests.test_referral_system.TestSelfReferralPrevention" name="test_self_referral_not_awarded" time="0.040" /></testsuite></testsuites>