<?xml version="1.0" encoding="utf-8"?><testsuites name="pytest tests"><testsuite name="pytest" errors="0" failures="2" skipped="0" tests="17" time="5.735" timestamp="2026-04-12T07:15:19.713245+00:00" hostname="agent-env-e9a05b0a-94d0-43f2-856e-83e2717531ae"><testcase classname="backend.tests.test_social_interactions.TestDemoLogin" name="test_demo_login_success" time="0.309" /><testcase classname="backend.tests.test_social_interactions.TestRecruitmentFeed" name="test_feed_returns_posts" time="0.108" /><testcase classname="backend.tests.test_social_interactions.TestLikeFeature" name="test_like_requires_auth" time="0.233" /><testcase classname="backend.tests.test_social_interactions.TestLikeFeature" name="test_like_toggle" time="0.436" /><testcase classname="backend.tests.test_social_interactions.TestLikeFeature" name="test_like_invalid_post" time="0.219" /><testcase classname="backend.tests.test_social_interactions.TestCommentFeature" name="test_comment_requires_auth" time="0.213" /><testcase classname="backend.tests.test_social_interactions.TestCommentFeature" name="test_add_comment" time="0.351" /><testcase classname="backend.tests.test_social_interactions.TestCommentFeature" name="test_get_comments" time="0.245" /><testcase classname="backend.tests.test_social_interactions.TestBookmarkFeature" name="test_bookmark_requires_auth" time="0.226" /><testcase classname="backend.tests.test_social_interactions.TestBookmarkFeature" name="test_bookmark_toggle" time="0.420" /><testcase classname="backend.tests.test_social_interactions.TestBookmarkFeature" name="test_get_my_bookmarks" time="0.454" /><testcase classname="backend.tests.test_social_interactions.TestShareFeature" name="test_share_post" time="0.205" /><testcase classname="backend.tests.test_social_interactions.TestMyInteractions" name="test_get_my_interactions" time="0.199" /><testcase classname="backend.tests.test_social_interactions.TestAdminBruteForceProtection" name="test_admin_login_rate_limiting" time="0.588"><failure message="AssertionError: Expected 429 rate limit, got 401: {&quot;detail&quot;:&quot;Invalid credentials&quot;}&#10;assert 401 == 429&#10; +  where 401 = &lt;Response [401]&gt;.status_code">backend/tests/test_social_interactions.py:313: in test_admin_login_rate_limiting
    assert response.status_code == 429, f"Expected 429 rate limit, got {response.status_code}: {response.text}"
E   AssertionError: Expected 429 rate limit, got 401: {"detail":"Invalid credentials"}
E   assert 401 == 429
E    +  where 401 = &lt;Response [401]&gt;.status_code</failure></testcase><testcase classname="backend.tests.test_social_interactions.TestAdminBruteForceProtection" name="test_admin_login_success" time="0.335" /><testcase classname="backend.tests.test_social_interactions.TestRecruiterBruteForceProtection" name="test_recruiter_login_rate_limiting" time="0.744"><failure message="AssertionError: Expected 429 rate limit, got 401: {&quot;detail&quot;:&quot;Invalid credentials&quot;}&#10;assert 401 == 429&#10; +  where 401 = &lt;Response [401]&gt;.status_code">backend/tests/test_social_interactions.py:351: in test_recruiter_login_rate_limiting
    assert response.status_code == 429, f"Expected 429 rate limit, got {response.status_code}: {response.text}"
E   AssertionError: Expected 429 rate limit, got 401: {"detail":"Invalid credentials"}
E   assert 401 == 429
E    +  where 401 = &lt;Response [401]&gt;.status_code</failure></testcase><testcase classname="backend.tests.test_social_interactions.TestRecruiterBruteForceProtection" name="test_recruiter_login_success" time="0.329" /></testsuite></testsuites>