<?xml version="1.0" encoding="utf-8"?><testsuites name="pytest tests"><testsuite name="pytest" errors="0" failures="0" skipped="0" tests="10" time="3.252" timestamp="2026-04-10T19:14:17.872165+00:00" hostname="agent-env-3205660e-9e2d-4a80-8ae9-c33210ca1177"><testcase classname="backend.tests.test_profile_features_v2.TestProfileFeatures" name="test_get_profile_by_username" time="0.255" /><testcase classname="backend.tests.test_profile_features_v2.TestProfileFeatures" name="test_get_profile_stats" time="0.282" /><testcase classname="backend.tests.test_profile_features_v2.TestProfileFeatures" name="test_get_profile_posts" time="0.334" /><testcase classname="backend.tests.test_profile_features_v2.TestProfileFeatures" name="test_bookmark_post" time="0.444" /><testcase classname="backend.tests.test_profile_features_v2.TestProfileFeatures" name="test_unbookmark_post" time="0.557" /><testcase classname="backend.tests.test_profile_features_v2.TestProfileFeatures" name="test_share_post" time="0.380" /><testcase classname="backend.tests.test_profile_features_v2.TestProfileFeatures" name="test_get_bookmarks" time="0.300" /><testcase classname="backend.tests.test_profile_features_v2.TestDashboardNavigation" name="test_profile_endpoint_exists" time="0.127" /><testcase classname="backend.tests.test_profile_features_v2.TestVictoryLanePostActions" name="test_like_post" time="0.276" /><testcase classname="backend.tests.test_profile_features_v2.TestVictoryLanePostActions" name="test_comment_on_post" time="0.232" /></testsuite></testsuites>