<?xml version="1.0" encoding="utf-8"?><testsuites name="pytest tests"><testsuite name="pytest" errors="0" failures="1" skipped="0" tests="13" time="3.887" timestamp="2026-04-10T20:43:11.803246+00:00" hostname="agent-env-e9a05b0a-94d0-43f2-856e-83e2717531ae"><testcase classname="backend.tests.test_repost_comment_fixes.TestDemoLogin" name="test_demo1_login" time="0.339" /><testcase classname="backend.tests.test_repost_comment_fixes.TestDemoLogin" name="test_demo2_login" time="0.125" /><testcase classname="backend.tests.test_repost_comment_fixes.TestSharePostEndpoint" name="test_share_endpoint_exists" time="0.245" /><testcase classname="backend.tests.test_repost_comment_fixes.TestSharePostEndpoint" name="test_share_creates_retweet_with_metadata" time="0.599" /><testcase classname="backend.tests.test_repost_comment_fixes.TestFeedWithReposts" name="test_victory_lane_feed_returns_reposts" time="0.187" /><testcase classname="backend.tests.test_repost_comment_fixes.TestFeedWithReposts" name="test_trending_feed_returns_reposts" time="0.153" /><testcase classname="backend.tests.test_repost_comment_fixes.TestFeedWithReposts" name="test_feed_posts_sorted_by_date" time="0.132" /><testcase classname="backend.tests.test_repost_comment_fixes.TestSinglePostEndpoint" name="test_get_single_post" time="0.231" /><testcase classname="backend.tests.test_repost_comment_fixes.TestSinglePostEndpoint" name="test_get_repost_shows_original_author" time="0.272" /><testcase classname="backend.tests.test_repost_comment_fixes.TestProfilePostsEndpoint" name="test_profile_posts_returns_posts" time="0.204" /><testcase classname="backend.tests.test_repost_comment_fixes.TestProfilePostsEndpoint" name="test_profile_posts_include_reposts" time="0.220" /><testcase classname="backend.tests.test_repost_comment_fixes.TestCommentEndpoint" name="test_post_comment_on_any_post" time="0.356"><failure message="AssertionError: Comment failed: 405 - {&quot;detail&quot;:&quot;Method Not Allowed&quot;}&#10;assert 405 in [200, 201]&#10; +  where 405 = &lt;Response [405]&gt;.status_code">backend/tests/test_repost_comment_fixes.py:310: in test_post_comment_on_any_post
    assert comment_response.status_code in [200, 201], \
E   AssertionError: Comment failed: 405 - {"detail":"Method Not Allowed"}
E   assert 405 in [200, 201]
E    +  where 405 = &lt;Response [405]&gt;.status_code</failure></testcase><testcase classname="backend.tests.test_repost_comment_fixes.TestRepostMetadataCopy" name="test_repost_preserves_hashtags" time="0.717" /></testsuite></testsuites>