<?xml version="1.0" encoding="utf-8"?><testsuites name="pytest tests"><testsuite name="pytest" errors="0" failures="0" skipped="0" tests="7" time="5.223" timestamp="2026-04-09T18:53:34.645013+00:00" hostname="agent-env-3205660e-9e2d-4a80-8ae9-c33210ca1177"><testcase classname="tests.test_quiz_history.TestQuizHistoryPersistence" name="test_demo_login_returns_user_info" time="0.388" /><testcase classname="tests.test_quiz_history.TestQuizHistoryPersistence" name="test_quiz_start_and_submit_saves_to_history" time="1.888" /><testcase classname="tests.test_quiz_history.TestQuizHistoryPersistence" name="test_test_history_returns_real_data_with_user_name" time="0.255" /><testcase classname="tests.test_quiz_history.TestQuizHistoryPersistence" name="test_all_history_entries_have_non_empty_user_name" time="0.241" /><testcase classname="tests.test_quiz_history.TestQuizHistoryPersistence" name="test_quiz_submission_saves_all_required_fields" time="1.740" /><testcase classname="tests.test_quiz_history.TestDashboardStatsIntegration" name="test_dashboard_stats_reflect_real_data" time="0.385" /><testcase classname="tests.test_quiz_history.TestHistoryDataTypes" name="test_history_includes_multiple_types" time="0.247" /></testsuite></testsuites>