<?xml version="1.0" encoding="utf-8"?><testsuites name="pytest tests"><testsuite name="pytest" errors="0" failures="0" skipped="0" tests="11" time="2.710" timestamp="2026-03-02T16:38:11.897043+00:00" hostname="agent-env-79315c9c-ef90-48ea-bec0-7c40a8b2d8e7"><testcase classname="backend.tests.test_follow_notification.TestFollowSystemCleanup" name="test_cleanup_existing_follow" time="0.258" /><testcase classname="backend.tests.test_follow_notification.TestFollowStatus" name="test_follow_status_not_following" time="0.113" /><testcase classname="backend.tests.test_follow_notification.TestFollowUser" name="test_follow_user_success" time="0.125" /><testcase classname="backend.tests.test_follow_notification.TestFollowUser" name="test_follow_status_after_follow" time="0.132" /><testcase classname="backend.tests.test_follow_notification.TestFollowNotification" name="test_notification_created_for_target_user" time="0.000" /><testcase classname="backend.tests.test_follow_notification.TestFollowNotification" name="test_notifications_filter_by_type" time="0.158" /><testcase classname="backend.tests.test_follow_notification.TestUnfollowUser" name="test_unfollow_user_success" time="0.123" /><testcase classname="backend.tests.test_follow_notification.TestUnfollowUser" name="test_follow_status_after_unfollow" time="0.107" /><testcase classname="backend.tests.test_follow_notification.TestFollowRefollow" name="test_can_follow_again_after_unfollow" time="0.108" /><testcase classname="backend.tests.test_follow_notification.TestFollowNotificationFieldName" name="test_notification_type_filter_uses_correct_field" time="1.390" /><testcase classname="backend.tests.test_follow_notification.TestProfilePage" name="test_profile_endpoint_returns_follow_status" time="0.125" /></testsuite></testsuites>