<?xml version="1.0" encoding="utf-8"?><testsuites name="pytest tests"><testsuite name="pytest" errors="0" failures="0" skipped="0" tests="25" time="11.212" timestamp="2026-04-22T13:09:15.567122+00:00" hostname="agent-env-e9a05b0a-94d0-43f2-856e-83e2717531ae"><testcase classname="backend.tests.test_new_recruitment_features.TestResumeUpload" name="test_resume_upload_requires_auth" time="0.225" /><testcase classname="backend.tests.test_new_recruitment_features.TestResumeUpload" name="test_resume_upload_rejects_non_pdf" time="0.238" /><testcase classname="backend.tests.test_new_recruitment_features.TestResumeUpload" name="test_resume_upload_rejects_txt_file" time="0.230" /><testcase classname="backend.tests.test_new_recruitment_features.TestResumeUpload" name="test_resume_upload_rejects_large_file" time="0.682" /><testcase classname="backend.tests.test_new_recruitment_features.TestResumeUpload" name="test_resume_upload_accepts_pdf" time="0.710" /><testcase classname="backend.tests.test_new_recruitment_features.TestResumeUpload" name="test_resume_delete_requires_auth" time="0.104" /><testcase classname="backend.tests.test_new_recruitment_features.TestResumeUpload" name="test_resume_delete_success" time="0.222" /><testcase classname="backend.tests.test_new_recruitment_features.TestBulkApplicantActions" name="test_bulk_status_requires_auth" time="0.117" /><testcase classname="backend.tests.test_new_recruitment_features.TestBulkApplicantActions" name="test_bulk_status_invalid_status" time="0.479" /><testcase classname="backend.tests.test_new_recruitment_features.TestBulkApplicantActions" name="test_bulk_status_unauthorized_post" time="0.449" /><testcase classname="backend.tests.test_new_recruitment_features.TestBulkApplicantActions" name="test_bulk_status_valid_request" time="0.786" /><testcase classname="backend.tests.test_new_recruitment_features.TestBulkApplicantActions" name="test_shortlist_by_air_requires_auth" time="0.114" /><testcase classname="backend.tests.test_new_recruitment_features.TestBulkApplicantActions" name="test_shortlist_by_air_unauthorized_post" time="0.455" /><testcase classname="backend.tests.test_new_recruitment_features.TestBulkApplicantActions" name="test_shortlist_by_air_valid_request" time="0.471" /><testcase classname="backend.tests.test_new_recruitment_features.TestCSVExport" name="test_csv_export_requires_auth" time="0.114" /><testcase classname="backend.tests.test_new_recruitment_features.TestCSVExport" name="test_csv_export_unauthorized_post" time="0.469" /><testcase classname="backend.tests.test_new_recruitment_features.TestCSVExport" name="test_csv_export_valid_request" time="0.439" /><testcase classname="backend.tests.test_new_recruitment_features.TestEmailEndpoints" name="test_send_credentials_requires_admin" time="0.110" /><testcase classname="backend.tests.test_new_recruitment_features.TestEmailEndpoints" name="test_send_credentials_recruiter_forbidden" time="0.440" /><testcase classname="backend.tests.test_new_recruitment_features.TestEmailEndpoints" name="test_send_credentials_admin_success" time="0.634" /><testcase classname="backend.tests.test_new_recruitment_features.TestEmailEndpoints" name="test_send_reminder_requires_recruiter" time="0.112" /><testcase classname="backend.tests.test_new_recruitment_features.TestEmailEndpoints" name="test_send_reminder_unauthorized_post" time="0.456" /><testcase classname="backend.tests.test_new_recruitment_features.TestEmailEndpoints" name="test_send_reminder_job_post_rejected" time="0.458" /><testcase classname="backend.tests.test_new_recruitment_features.TestStatusChangeEmailTrigger" name="test_status_change_triggers_email" time="0.858" /><testcase classname="backend.tests.test_new_recruitment_features.TestFullWorkflow" name="test_full_recruitment_workflow" time="1.743" /></testsuite></testsuites>