<?xml version="1.0" encoding="utf-8"?><testsuites name="pytest tests"><testsuite name="pytest" errors="0" failures="0" skipped="0" tests="17" time="5.551" timestamp="2026-04-10T20:20:06.602082+00:00" hostname="agent-env-e9a05b0a-94d0-43f2-856e-83e2717531ae"><testcase classname="backend.tests.test_bug_fixes_v20.TestDemoLogin" name="test_demo1_login" time="0.216" /><testcase classname="backend.tests.test_bug_fixes_v20.TestDemoLogin" name="test_demo3_login" time="0.153" /><testcase classname="backend.tests.test_bug_fixes_v20.TestEditProfile" name="test_profile_update_endpoint_exists" time="0.266" /><testcase classname="backend.tests.test_bug_fixes_v20.TestEditProfile" name="test_profile_update_name" time="0.422" /><testcase classname="backend.tests.test_bug_fixes_v20.TestEditProfile" name="test_profile_update_bio" time="0.286" /><testcase classname="backend.tests.test_bug_fixes_v20.TestEditProfile" name="test_profile_update_location" time="0.250" /><testcase classname="backend.tests.test_bug_fixes_v20.TestEditProfile" name="test_profile_update_website" time="0.275" /><testcase classname="backend.tests.test_bug_fixes_v20.TestEditProfile" name="test_profile_update_multiple_fields" time="0.222" /><testcase classname="backend.tests.test_bug_fixes_v20.TestBlockUser" name="test_block_endpoint_exists" time="0.357" /><testcase classname="backend.tests.test_bug_fixes_v20.TestBlockUser" name="test_block_user_returns_success" time="0.375" /><testcase classname="backend.tests.test_bug_fixes_v20.TestBlockUser" name="test_block_requires_auth" time="0.223" /><testcase classname="backend.tests.test_bug_fixes_v20.TestProfilePosts" name="test_profile_posts_endpoint" time="0.409" /><testcase classname="backend.tests.test_bug_fixes_v20.TestProfilePosts" name="test_quiz_posts_have_quiz_details" time="0.311" /><testcase classname="backend.tests.test_bug_fixes_v20.TestSinglePost" name="test_get_single_post" time="0.553" /><testcase classname="backend.tests.test_bug_fixes_v20.TestSinglePost" name="test_bookmark_post_endpoint" time="0.440" /><testcase classname="backend.tests.test_bug_fixes_v20.TestSinglePost" name="test_unbookmark_post_endpoint" time="0.455" /><testcase classname="backend.tests.test_bug_fixes_v20.TestMessagesEndpoint" name="test_conversations_endpoint" time="0.260" /></testsuite></testsuites>