<?xml version="1.0" encoding="utf-8"?><testsuites name="pytest tests"><testsuite name="pytest" errors="0" failures="0" skipped="0" tests="15" time="1.620" timestamp="2026-04-22T14:49:38.546510+00:00" hostname="agent-env-e9a05b0a-94d0-43f2-856e-83e2717531ae"><testcase classname="test_refactor_regression_v28.TestDemoLogin" name="test_demo_login_success[demo1-demostudent1]" time="0.169" /><testcase classname="test_refactor_regression_v28.TestDemoLogin" name="test_demo_login_success[demo2-demostudent2]" time="0.053" /><testcase classname="test_refactor_regression_v28.TestDemoLogin" name="test_demo_login_success[demo3-demostudent3]" time="0.049" /><testcase classname="test_refactor_regression_v28.TestDemoLogin" name="test_demo_login_wrong_password" time="0.045" /><testcase classname="test_refactor_regression_v28.TestSignup" name="test_signup_new_email" time="0.313" /><testcase classname="test_refactor_regression_v28.TestSignup" name="test_signup_duplicate_email" time="0.322" /><testcase classname="test_refactor_regression_v28.TestSignup" name="test_signup_short_password" time="0.044" /><testcase classname="test_refactor_regression_v28.TestGetCurrentUser" name="test_me_with_valid_token" time="0.106" /><testcase classname="test_refactor_regression_v28.TestGetCurrentUser" name="test_me_without_token" time="0.045" /><testcase classname="test_refactor_regression_v28.TestGetCurrentUser" name="test_me_with_invalid_token" time="0.048" /><testcase classname="test_refactor_regression_v28.TestMediaPermissions" name="test_media_permissions_anonymous" time="0.133" /><testcase classname="test_refactor_regression_v28.TestMediaPermissions" name="test_media_permissions_authenticated" time="0.049" /><testcase classname="test_refactor_regression_v28.TestChapterTestStart" name="test_start_test_returns_200" time="0.069" /><testcase classname="test_refactor_regression_v28.TestSpotCheck" name="test_recruitment_posts_list" time="0.050" /><testcase classname="test_refactor_regression_v28.TestSpotCheck" name="test_messaging_conversations_requires_auth" time="0.053" /></testsuite></testsuites>