<?xml version="1.0" encoding="utf-8"?><testsuites name="pytest tests"><testsuite name="pytest" errors="0" failures="2" skipped="0" tests="25" time="3.432" timestamp="2026-04-28T13:02:38.787822+00:00" hostname="agent-env-e9a05b0a-94d0-43f2-856e-83e2717531ae"><testcase classname="test_admin_auth.TestAdminLoginEndpoint" name="test_login_with_correct_email_and_password" time="0.149" /><testcase classname="test_admin_auth.TestAdminLoginEndpoint" name="test_login_with_username_and_password" time="0.150" /><testcase classname="test_admin_auth.TestAdminLoginEndpoint" name="test_login_with_wrong_password_returns_401" time="0.141" /><testcase classname="test_admin_auth.TestAdminLoginEndpoint" name="test_login_with_non_admin_user_returns_401" time="0.116" /><testcase classname="test_admin_auth.TestAdminLoginEndpoint" name="test_login_with_empty_credentials" time="0.113" /><testcase classname="test_admin_auth.TestAdminVerifyEndpoint" name="test_verify_with_valid_token" time="0.334" /><testcase classname="test_admin_auth.TestAdminVerifyEndpoint" name="test_verify_with_invalid_token" time="0.145" /><testcase classname="test_admin_auth.TestAdminVerifyEndpoint" name="test_verify_without_token" time="0.115" /><testcase classname="test_admin_auth.TestAdminLogoutEndpoint" name="test_logout_with_valid_token" time="0.379" /><testcase classname="test_admin_auth.TestAdminLogoutEndpoint" name="test_logout_without_token" time="0.113" /><testcase classname="test_refactor_regression_v28.TestDemoLogin" name="test_demo_login_success[demo1-demostudent1]" time="0.130" /><testcase classname="test_refactor_regression_v28.TestDemoLogin" name="test_demo_login_success[demo2-demostudent2]" time="0.059" /><testcase classname="test_refactor_regression_v28.TestDemoLogin" name="test_demo_login_success[demo3-demostudent3]" time="0.059" /><testcase classname="test_refactor_regression_v28.TestDemoLogin" name="test_demo_login_wrong_password" time="0.071" /><testcase classname="test_refactor_regression_v28.TestSignup" name="test_signup_new_email" time="0.281" /><testcase classname="test_refactor_regression_v28.TestSignup" name="test_signup_duplicate_email" time="0.337" /><testcase classname="test_refactor_regression_v28.TestSignup" name="test_signup_short_password" time="0.069" /><testcase classname="test_refactor_regression_v28.TestGetCurrentUser" name="test_me_with_valid_token" time="0.111" /><testcase classname="test_refactor_regression_v28.TestGetCurrentUser" name="test_me_without_token" time="0.056"><failure message="AssertionError: expected 401, got 200&#10;assert 200 == 401&#10; +  where 200 = &lt;Response [200]&gt;.status_code">test_refactor_regression_v28.py:132: in test_me_without_token
    assert r.status_code == 401, f"expected 401, got {r.status_code}"
E   AssertionError: expected 401, got 200
E   assert 200 == 401
E    +  where 200 = &lt;Response [200]&gt;.status_code</failure></testcase><testcase classname="test_refactor_regression_v28.TestGetCurrentUser" name="test_me_with_invalid_token" time="0.052"><failure message="AssertionError: expected 401, got 200&#10;assert 200 == 401&#10; +  where 200 = &lt;Response [200]&gt;.status_code">test_refactor_regression_v28.py:140: in test_me_with_invalid_token
    assert r.status_code == 401, f"expected 401, got {r.status_code}"
E   AssertionError: expected 401, got 200
E   assert 200 == 401
E    +  where 200 = &lt;Response [200]&gt;.status_code</failure></testcase><testcase classname="test_refactor_regression_v28.TestMediaPermissions" name="test_media_permissions_anonymous" time="0.116" /><testcase classname="test_refactor_regression_v28.TestMediaPermissions" name="test_media_permissions_authenticated" time="0.053" /><testcase classname="test_refactor_regression_v28.TestChapterTestStart" name="test_start_test_returns_200" time="0.064" /><testcase classname="test_refactor_regression_v28.TestSpotCheck" name="test_recruitment_posts_list" time="0.054" /><testcase classname="test_refactor_regression_v28.TestSpotCheck" name="test_messaging_conversations_requires_auth" time="0.059" /></testsuite></testsuites>