<?xml version="1.0" encoding="utf-8"?><testsuites name="pytest tests"><testsuite name="pytest" errors="0" failures="0" skipped="0" tests="14" time="1.687" timestamp="2026-04-28T13:02:30.547931+00:00" hostname="agent-env-e9a05b0a-94d0-43f2-856e-83e2717531ae"><testcase classname="test_refactor_regression_v29.TestAuthRefactor" name="test_demo_login_demo1" time="0.246" /><testcase classname="test_refactor_regression_v29.TestAuthRefactor" name="test_signup_new_email" time="0.280" /><testcase classname="test_refactor_regression_v29.TestAuthRefactor" name="test_me_with_bearer" time="0.117" /><testcase classname="test_refactor_regression_v29.TestAuthRefactor" name="test_me_with_cookie_dual_mode" time="0.171" /><testcase classname="test_refactor_regression_v29.TestAuthRefactor" name="test_create_demo_users_idempotent" time="0.155" /><testcase classname="test_refactor_regression_v29.TestAdminAuthRefactor" name="test_admin_login_success" time="0.057" /><testcase classname="test_refactor_regression_v29.TestAdminAuthRefactor" name="test_admin_login_wrong_password" time="0.053" /><testcase classname="test_refactor_regression_v29.TestAdminSheetImportReachable" name="test_import_endpoint_reachable" time="0.130" /><testcase classname="test_refactor_regression_v29.TestBattleAsyncReachable" name="test_join_async_room_reachable" time="0.059" /><testcase classname="test_refactor_regression_v29.TestBattleAsyncReachable" name="test_submit_answers_reachable" time="0.058" /><testcase classname="test_refactor_regression_v29.TestBattleRoomJoinReachable" name="test_battle_room_join_reachable" time="0.060" /><testcase classname="test_refactor_regression_v29.TestSocialMcqStillWorks" name="test_mcq_topics_endpoint" time="0.049" /><testcase classname="test_refactor_regression_v29.TestChapterTestStart" name="test_start_test_returns_200" time="0.113" /><testcase classname="test_refactor_regression_v29.TestRecruitmentSmoke" name="test_recruitment_companies" time="0.067" /></testsuite></testsuites>