<?xml version="1.0" encoding="utf-8"?><testsuites name="pytest tests"><testsuite name="pytest" errors="0" failures="0" skipped="0" tests="39" time="7.207" timestamp="2026-04-28T13:03:09.330013+00:00" hostname="agent-env-e9a05b0a-94d0-43f2-856e-83e2717531ae"><testcase classname="test_admin_auth.TestAdminLoginEndpoint" name="test_login_with_correct_email_and_password" time="0.170" /><testcase classname="test_admin_auth.TestAdminLoginEndpoint" name="test_login_with_username_and_password" time="0.149" /><testcase classname="test_admin_auth.TestAdminLoginEndpoint" name="test_login_with_wrong_password_returns_401" time="0.107" /><testcase classname="test_admin_auth.TestAdminLoginEndpoint" name="test_login_with_non_admin_user_returns_401" time="0.120" /><testcase classname="test_admin_auth.TestAdminLoginEndpoint" name="test_login_with_empty_credentials" time="0.137" /><testcase classname="test_admin_auth.TestAdminVerifyEndpoint" name="test_verify_with_valid_token" time="0.342" /><testcase classname="test_admin_auth.TestAdminVerifyEndpoint" name="test_verify_with_invalid_token" time="0.137" /><testcase classname="test_admin_auth.TestAdminVerifyEndpoint" name="test_verify_without_token" time="0.099" /><testcase classname="test_admin_auth.TestAdminLogoutEndpoint" name="test_logout_with_valid_token" time="0.353" /><testcase classname="test_admin_auth.TestAdminLogoutEndpoint" name="test_logout_without_token" time="0.117" /><testcase classname="test_refactor_regression_v28.TestDemoLogin" name="test_demo_login_success[demo1-demostudent1]" time="0.625" /><testcase classname="test_refactor_regression_v28.TestDemoLogin" name="test_demo_login_success[demo2-demostudent2]" time="0.193" /><testcase classname="test_refactor_regression_v28.TestDemoLogin" name="test_demo_login_success[demo3-demostudent3]" time="0.195" /><testcase classname="test_refactor_regression_v28.TestDemoLogin" name="test_demo_login_wrong_password" time="0.190" /><testcase classname="test_refactor_regression_v28.TestSignup" name="test_signup_new_email" time="0.424" /><testcase classname="test_refactor_regression_v28.TestSignup" name="test_signup_duplicate_email" time="0.608" /><testcase classname="test_refactor_regression_v28.TestSignup" name="test_signup_short_password" time="0.176" /><testcase classname="test_refactor_regression_v28.TestGetCurrentUser" name="test_me_with_valid_token" time="0.363" /><testcase classname="test_refactor_regression_v28.TestGetCurrentUser" name="test_me_without_token" time="0.116" /><testcase classname="test_refactor_regression_v28.TestGetCurrentUser" name="test_me_with_invalid_token" time="0.112" /><testcase classname="test_refactor_regression_v28.TestMediaPermissions" name="test_media_permissions_anonymous" time="0.141" /><testcase classname="test_refactor_regression_v28.TestMediaPermissions" name="test_media_permissions_authenticated" time="0.210" /><testcase classname="test_refactor_regression_v28.TestChapterTestStart" name="test_start_test_returns_200" time="0.204" /><testcase classname="test_refactor_regression_v28.TestSpotCheck" name="test_recruitment_posts_list" time="0.167" /><testcase classname="test_refactor_regression_v28.TestSpotCheck" name="test_messaging_conversations_requires_auth" time="0.182" /><testcase classname="test_refactor_regression_v29.TestAuthRefactor" name="test_demo_login_demo1" time="0.166" /><testcase classname="test_refactor_regression_v29.TestAuthRefactor" name="test_signup_new_email" time="0.286" /><testcase classname="test_refactor_regression_v29.TestAuthRefactor" name="test_me_with_bearer" time="0.121" /><testcase classname="test_refactor_regression_v29.TestAuthRefactor" name="test_me_with_cookie_dual_mode" time="0.171" /><testcase classname="test_refactor_regression_v29.TestAuthRefactor" name="test_create_demo_users_idempotent" time="0.114" /><testcase classname="test_refactor_regression_v29.TestAdminAuthRefactor" name="test_admin_login_success" time="0.056" /><testcase classname="test_refactor_regression_v29.TestAdminAuthRefactor" name="test_admin_login_wrong_password" time="0.063" /><testcase classname="test_refactor_regression_v29.TestAdminSheetImportReachable" name="test_import_endpoint_reachable" time="0.112" /><testcase classname="test_refactor_regression_v29.TestBattleAsyncReachable" name="test_join_async_room_reachable" time="0.071" /><testcase classname="test_refactor_regression_v29.TestBattleAsyncReachable" name="test_submit_answers_reachable" time="0.064" /><testcase classname="test_refactor_regression_v29.TestBattleRoomJoinReachable" name="test_battle_room_join_reachable" time="0.070" /><testcase classname="test_refactor_regression_v29.TestSocialMcqStillWorks" name="test_mcq_topics_endpoint" time="0.056" /><testcase classname="test_refactor_regression_v29.TestChapterTestStart" name="test_start_test_returns_200" time="0.063" /><testcase classname="test_refactor_regression_v29.TestRecruitmentSmoke" name="test_recruitment_companies" time="0.068" /></testsuite></testsuites>