<?xml version="1.0" encoding="utf-8"?><testsuites name="pytest tests"><testsuite name="pytest" errors="0" failures="2" skipped="5" tests="18" time="2.288" timestamp="2026-05-01T06:56:05.204724+00:00" hostname="agent-env-61363adb-0fac-410e-98d7-dd9abcc18caa"><testcase classname="backend.tests.test_stage3_auth_regression.TestDemoLoginCookie" name="test_demo_login_sets_cookie" time="0.122" /><testcase classname="backend.tests.test_stage3_auth_regression.TestDemoLoginCookie" name="test_me_with_cookie_only" time="0.145" /><testcase classname="backend.tests.test_stage3_auth_regression.TestEmailLogin" name="test_email_login_valid" time="0.110"><skipped type="pytest.skip" message="admin seed not available (got 500)">/app/backend/tests/test_stage3_auth_regression.py:72: admin seed not available (got 500)</skipped></testcase><testcase classname="backend.tests.test_stage3_auth_regression.TestEmailLogin" name="test_email_login_invalid" time="0.104"><failure message="AssertionError: expected 401, got 500&#10;assert 500 in (400, 401)&#10; +  where 500 = &lt;Response [500]&gt;.status_code">E   AssertionError: expected 401, got 500
    assert 500 in (400, 401)
     +  where 500 = &lt;Response [500]&gt;.status_code</failure></testcase><testcase classname="backend.tests.test_stage3_auth_regression.TestRememberMe" name="test_remember_true_sets_30_day_cookie" time="0.113"><skipped type="pytest.skip" message="admin login not available">/app/backend/tests/test_stage3_auth_regression.py:101: admin login not available</skipped></testcase><testcase classname="backend.tests.test_stage3_auth_regression.TestRememberMe" name="test_remember_false_sets_short_cookie" time="0.114"><skipped type="pytest.skip" message="admin login not available">/app/backend/tests/test_stage3_auth_regression.py:111: admin login not available</skipped></testcase><testcase classname="backend.tests.test_stage3_auth_regression.TestSocialCookieAuth" name="test_bookmarks_cookie_only" time="0.047" /><testcase classname="backend.tests.test_stage3_auth_regression.TestProfileCookieAuth" name="test_close_friend_ids" time="0.046" /><testcase classname="backend.tests.test_stage3_auth_regression.TestProfileCookieAuth" name="test_follow_requests" time="0.046"><failure message="AssertionError: follow-requests: 404 {&quot;detail&quot;:&quot;User not found&quot;}&#10;assert 404 == 200&#10; +  where 404 = &lt;Response [404]&gt;.status_code">E   AssertionError: follow-requests: 404 {"detail":"User not found"}
    assert 404 == 200
     +  where 404 = &lt;Response [404]&gt;.status_code</failure></testcase><testcase classname="backend.tests.test_stage3_auth_regression.TestProfileCookieAuth" name="test_privacy_update" time="0.090" /><testcase classname="backend.tests.test_stage3_auth_regression.TestPhoneStatusCookie" name="test_phone_status_cookie" time="0.060" /><testcase classname="backend.tests.test_stage3_auth_regression.TestQuizCookieAuth" name="test_quiz_start_cookie_reaches_handler" time="0.047" /><testcase classname="backend.tests.test_stage3_auth_regression.TestRecruitmentAdminCookie" name="test_recruitment_admin_login_then_cookie" time="0.338"><skipped type="pytest.skip" message="recruitment-admin not seeded (got 401) — needs seeding">/app/backend/tests/test_stage3_auth_regression.py:174: recruitment-admin not seeded (got 401) — needs seeding</skipped></testcase><testcase classname="backend.tests.test_stage3_auth_regression.TestRecruiterCookie" name="test_recruiter_login_cookie" time="0.110"><skipped type="pytest.skip" message="recruiter not seeded (got 401) — needs seeding">/app/backend/tests/test_stage3_auth_regression.py:188: recruiter not seeded (got 401) — needs seeding</skipped></testcase><testcase classname="backend.tests.test_stage3_auth_regression.TestBearerFallbackStillWorks" name="test_bearer_on_me" time="0.214" /><testcase classname="backend.tests.test_stage3_auth_regression.TestBearerFallbackStillWorks" name="test_bearer_on_bookmarks" time="0.205" /><testcase classname="backend.tests.test_stage3_auth_regression.TestUnauthenticated" name="test_me_unauth" time="0.200" /><testcase classname="backend.tests.test_stage3_auth_regression.TestUnauthenticated" name="test_bookmarks_unauth" time="0.111" /></testsuite></testsuites>